{
    "message": "Harry Potter Character: Harry Potter. Weather in Sudbury: broken clouds with 1.7\u00b0C. People in space: 12.",
    "status": "queued"
}
{
    "message": "Harry Potter Character: Harry Potter. Weather in Sudbury: broken clouds with 1.7\u00b0C. People in space: 12.",
    "status": "queued"
}
{
    "message": "Harry Potter Character: Harry Potter. Weather in Sudbury: broken clouds with 1.14\u00b0C. People in space: 12.",
    "status": "queued"
}
{
    "message": "\u2728 Greetings! Here\u2019s some magical and worldly news for you! \u2728\n\n\ud83d\udcd6 *Harry Potter Character Spotlight*: Meet Euan Abercrombie.\n\ud83c\udfe0 *House*: Gryffindor\n\ud83e\uddd9 *Ancestry*: \n\ud83e\udd84 *Patronus*: \n\ud83d\uddbc\ufe0f *Image*: \n\n\ud83c\udf26 *Weather in Sudbury*: It\u2019s currently broken clouds with 1.14\u00b0C.\n\n\ud83d\ude80 *Fun Fact*: Did you know there are 12 people in space right now?\n\nStay curious and have a magical day ahead! \ud83c\udf1f",
    "status": "queued"
}
{
    "message": "Harry Potter Character: Harry Potter. Weather in Sudbury: broken clouds with 0.59\u00b0C. People in space: 12.",
    "status": "queued"
}
{
    "message": "Harry Potter Character: Harry Potter. Weather in Sudbury: broken clouds with 0.59\u00b0C. People in space: 12.",
    "status": "queued"
}
{
    "message": "\u2728 Greetings! Here\u2019s some magical and worldly news for you! \u2728\n\n\ud83d\udcd6 *Harry Potter Character Spotlight*: Meet Madam Edgecombe.\n\ud83c\udfe0 *House*: \n\ud83e\uddd9 *Ancestry*: \n\ud83e\udd84 *Patronus*: \n\ud83d\uddbc\ufe0f *Image*: \n\n\ud83c\udf26 *Weather in Sudbury*: It\u2019s currently broken clouds with 0.59\u00b0C.\n\n\ud83d\ude80 *Fun Fact*: Did you know there are 12 people in space right now?\n\nStay curious and have a magical day ahead! \ud83c\udf1f",
    "status": "queued"
}
{
    "message": "\u2728 Greetings! Here\u2019s some magical and worldly news for you! \u2728\n\n\ud83d\udcd6 *Harry Potter Character Spotlight*: Meet Willy Widdershins.\n\ud83c\udfe0 *House*: \n\ud83e\uddd9 *Ancestry*: \n\ud83e\udd84 *Patronus*: \n\ud83d\uddbc\ufe0f *Image*: \n\n\ud83c\udf26 *Weather in Sudbury*: It\u2019s currently broken clouds with 0.59\u00b0C.\n\n\ud83d\ude80 *Fun Fact*: Did you know there are 12 people in space right now?\n\nStay curious and have a magical day ahead! \ud83c\udf1f",
    "status": "queued"
}
{
    "message": "\u2728 Greetings! Here\u2019s some magical and worldly news for you! \u2728\n\n\ud83d\udcd6 *Harry Potter Character Spotlight*: Meet Severus Snape.\n\ud83c\udfe0 *House*: Slytherin\n\ud83e\uddd9 *Ancestry*: half-blood\n\ud83e\udd84 *Patronus*: doe\n\ud83d\uddbc\ufe0f *Image*: https://ik.imagekit.io/hpapi/snape.jpg\n\n\ud83c\udf26 *Weather in Sudbury*: It\u2019s currently broken clouds with 0.59\u00b0C.\n\n\ud83d\ude80 *Fun Fact*: Did you know there are 12 people in space right now?\n\nStay curious and have a magical day ahead! \ud83c\udf1f",
    "status": "queued"
}
{
    "message": "\u2728 Greetings! Here\u2019s some magical and worldly news for you! \u2728\n\n\ud83d\udcd6 *Harry Potter Character Spotlight*: Meet Billy Stubbs.\n\ud83c\udfe0 *House*: \n\ud83e\uddd9 *Ancestry*: muggle\n\ud83e\udd84 *Patronus*: \n\ud83d\uddbc\ufe0f *Image*: \n\n\ud83c\udf26 *Weather in Sudbury*: It\u2019s currently broken clouds with 0.59\u00b0C.\n\n\ud83d\ude80 *Fun Fact*: Did you know there are 12 people in space right now?\n\nStay curious and have a magical day ahead! \ud83c\udf1f",
    "status": "queued"
}
{
    "message": "\u2728 Greetings! Here\u2019s some magical and worldly news for you! \u2728\n\n\ud83d\udcd6 *Harry Potter Character Spotlight*: Meet Boa constrictor.\n\ud83c\udfe0 *House*: \n\ud83e\uddd9 *Ancestry*: \n\ud83e\udd84 *Patronus*: \n\ud83d\uddbc\ufe0f *Image*: \n\n\ud83c\udf26 *Weather in Sudbury*: It\u2019s currently broken clouds with 0.59\u00b0C.\n\n\ud83d\ude80 *Fun Fact*: Did you know there are 12 people in space right now?\n\nStay curious and have a magical day ahead! \ud83c\udf1f",
    "status": "queued"
}
{
    "message": "\u2728 Greetings! Here\u2019s some magical and worldly news for you! \u2728\n\n\ud83d\udcd6 *Harry Potter Character Spotlight*: Meet Scorpius Malfoy.\n\ud83c\udfe0 *House*: Slytherin\n\ud83e\uddd9 *Ancestry*: pure-blood\n\ud83e\udd84 *Patronus*: \n\ud83d\uddbc\ufe0f *Image*: \n\n\ud83c\udf26 *Weather in Sudbury*: It\u2019s currently broken clouds with 0.59\u00b0C.\n\n\ud83d\ude80 *Fun Fact*: Did you know there are 12 people in space right now?\n\nStay curious and have a magical day ahead! \ud83c\udf1f",
    "status": "queued"
}
{
    "message": "\u2728 Greetings! Here\u2019s some magical and worldly news for you! \u2728\n\n\ud83d\udcd6 *Harry Potter Character Spotlight*: Meet Augustus Pye.\n\ud83c\udfe0 *House*: \n\ud83e\uddd9 *Ancestry*: \n\ud83e\udd84 *Patronus*: \n\ud83d\uddbc\ufe0f *Image*: \n\n\ud83c\udf26 *Weather in Sudbury*: It\u2019s currently scattered clouds with 1.7\u00b0C.\n\n\ud83d\ude80 *Fun Fact*: Did you know there are 12 people in space right now?\n\nStay curious and have a magical day ahead! \ud83c\udf1f",
    "status": "queued"
}
{
    "message": "\u2728 Greetings! Here\u2019s some magical and worldly news for you! \u2728\n\n\ud83d\udcd6 *Harry Potter Character Spotlight*: Meet Marlene McKinnon.\n\ud83c\udfe0 *House*: \n\ud83e\uddd9 *Ancestry*: \n\ud83e\udd84 *Patronus*: \n\ud83d\uddbc\ufe0f *Image*: \n\n\ud83c\udf26 *Weather in Sudbury*: It\u2019s currently scattered clouds with 1.7\u00b0C.\n\n\ud83d\ude80 *Fun Fact*: Did you know there are 12 people in space right now?\n\nStay curious and have a magical day ahead! \ud83c\udf1f",
    "status": "queued"
}
{
    "message": "\u2728 Greetings! Here\u2019s some magical and worldly news for you! \u2728\n\n\ud83d\udcd6 *Harry Potter Character Spotlight*: Meet Bertha Jorkins.\n\ud83c\udfe0 *House*: \n\ud83e\uddd9 *Ancestry*: \n\ud83e\udd84 *Patronus*: \n\ud83d\uddbc\ufe0f *Image*: \n\n\ud83c\udf26 *Weather in Sudbury*: It\u2019s currently scattered clouds with 1.7\u00b0C.\n\n\ud83d\ude80 *Fun Fact*: Did you know there are 12 people in space right now?\n\nStay curious and have a magical day ahead! \ud83c\udf1f",
    "status": "queued"
}
{
    "message": "\u2728 Greetings! Here\u2019s some magical and worldly news for you! \u2728\n\n\ud83d\udcd6 *Harry Potter Character Spotlight*: Meet Hedwig.\n\ud83c\udfe0 *House*: \n\ud83e\uddd9 *Ancestry*: \n\ud83e\udd84 *Patronus*: \n\ud83d\uddbc\ufe0f *Image*: \n\n\ud83c\udf26 *Weather in Sudbury*: It\u2019s currently scattered clouds with 1.7\u00b0C.\n\n\ud83d\ude80 *Fun Fact*: Did you know there are 12 people in space right now?\n\nStay curious and have a magical day ahead! \ud83c\udf1f",
    "status": "queued"
}
{
    "message": "\u2728 Greetings! Here\u2019s some magical and worldly news for you! \u2728\n\n\ud83d\udcd6 *Harry Potter Character Spotlight*: Meet Dennis Bishop.\n\ud83c\udfe0 *House*: \n\ud83e\uddd9 *Ancestry*: muggle\n\ud83e\udd84 *Patronus*: \n\ud83d\uddbc\ufe0f *Image*: \n\n\ud83c\udf26 *Weather in Sudbury*: It\u2019s currently scattered clouds with 1.7\u00b0C.\n\n\ud83d\ude80 *Fun Fact*: Did you know there are 12 people in space right now?\n\nStay curious and have a magical day ahead! \ud83c\udf1f",
    "status": "queued"
}
{
    "message": "\u2728 Greetings! Here\u2019s some magical and worldly news for you! \u2728\n\n\ud83d\udcd6 *Harry Potter Character Spotlight*: Meet Hassan Mostafa.\n\ud83c\udfe0 *alt_name*: []\n\ud83e\uddd9 *Ancestry*: \n\ud83e\udd84 *Patronus*: \n\ud83d\uddbc\ufe0f *Image*: \n\n\ud83c\udf26 *Weather in Sudbury*: It\u2019s currently scattered clouds with 1.14\u00b0C.\n\n\ud83d\ude80 *Fun Fact*: Did you know there are 12 people in space right now?\n\nStay curious and have a magical day ahead! \ud83c\udf1f",
    "status": "queued"
}
{
    "message": "\u2728 Greetings! Here\u2019s some magical and worldly news for you! \u2728\n\n\ud83d\udcd6 *Harry Potter Character Spotlight*: Meet Araminta Meliflua Black.\n\ud83c\udfe0 *alt_name*: []\n\ud83e\uddd9 *Ancestry*: \n\ud83e\udd84 *Patronus*: \n\ud83d\uddbc\ufe0f *Image*: \n\n\ud83c\udf26 *Weather in Sudbury*: It\u2019s currently scattered clouds with 1.14\u00b0C.\n\n\ud83d\ude80 *Fun Fact*: Did you know there are 12 people in space right now?\n\nStay curious and have a magical day ahead! \ud83c\udf1f",
    "status": "queued"
}
{
    "message": "\u2728 Greetings! Here\u2019s some magical and worldly news for you! \u2728\n\n\ud83d\udcd6 *Harry Potter Character Spotlight*: Meet Moran.\n\ud83c\udfe0 *alt_name*: []\n\ud83e\uddd9 *Ancestry*: \n\ud83e\udd84 *Patronus*: \n\ud83d\uddbc\ufe0f *Image*: \n\n\ud83c\udf26 *Weather in Sudbury*: It\u2019s currently scattered clouds with 1.14\u00b0C.\n\n\ud83d\ude80 *Fun Fact*: Did you know there are 12 people in space right now?\n\nStay curious and have a magical day ahead! \ud83c\udf1f",
    "status": "queued"
}
{
    "message": "\u2728 Greetings! Here\u2019s some magical and worldly news for you! \u2728\n\n\ud83d\udcd6 *Harry Potter Character Spotlight*: Meet Demelza Robins.\n\ud83c\udfe0 *House*: Gryffindor\n\ud83e\uddd9 *Ancestry*: \n\ud83e\udd84 *Patronus*: \n\ud83d\uddbc\ufe0f *Image*: \n\n\ud83c\udf26 *Weather in Sudbury*: It\u2019s currently scattered clouds with 1.14\u00b0C.\n\n\ud83d\ude80 *Fun Fact*: Did you know there are 12 people in space right now?\n\nStay curious and have a magical day ahead! \ud83c\udf1f",
    "status": "queued"
}
{
    "message": "\u2728 Greetings! Here\u2019s some magical and worldly news for you! \u2728\n\n\ud83d\udcd6 *Harry Potter Character Spotlight*: Meet Mr Crabbe.\n\ud83c\udfe0 *House*: \n\ud83e\uddd9 *Ancestry*: pure-blood\n\ud83e\udd84 *Patronus*: \n\ud83d\uddbc\ufe0f *Image*: \n\n\ud83c\udf26 *Weather in Sudbury*: It\u2019s currently scattered clouds with 1.14\u00b0C.\n\n\ud83d\ude80 *Fun Fact*: Did you know there are 12 people in space right now?\n\nStay curious and have a magical day ahead! \ud83c\udf1f",
    "status": "queued"
}
{
    "message": "\u2728 Greetings! Here\u2019s some magical and worldly news for you! \u2728\n\n\ud83d\udcd6 *Harry Potter Character Spotlight*: Meet Reg Cattermole.\n\ud83c\udfe0 *House*: \n\ud83e\uddd9 *Ancestry*: \n\ud83e\udd84 *Patronus*: \n\ud83d\uddbc\ufe0f *Image*: \n\n\ud83c\udf26 *Weather in Sudbury*: It\u2019s currently scattered clouds with 1.14\u00b0C.\n\n\ud83d\ude80 *Fun Fact*: Did you know there are 12 people in space right now?\n\nStay curious and have a magical day ahead! \ud83c\udf1f",
    "status": "queued"
}
{
    "message": "\u2728 Greetings! Here\u2019s some magical and worldly news for you! \u2728\n\n\ud83d\udcd6 *Harry Potter Character Spotlight*: Meet Amos Diggory.\n\ud83c\udfe0 *House*: \n\ud83e\uddd9 *Ancestry*: \n\ud83e\udd84 *Patronus*: \n\ud83d\uddbc\ufe0f *Image*: \n\n\ud83c\udf26 *Weather in Sudbury*: It\u2019s currently overcast clouds with -2.46\u00b0C.\n\n\ud83d\ude80 *Fun Fact*: Did you know there are 12 people in space right now?\n\nStay curious and have a magical day ahead! \ud83c\udf1f",
    "status": "queued"
}
{
    "message": "\u2728 Greetings! Here\u2019s some magical and worldly news for you! \u2728\n\n\ud83d\udcd6 *Harry Potter Character Spotlight*: Meet Alexei Levski.\n\ud83c\udfe0 *House*: \n\ud83e\uddd9 *Ancestry*: \n\ud83e\udd84 *Patronus*: \n\ud83d\uddbc\ufe0f *Image*: \n\n\ud83c\udf26 *Weather in Sudbury*: It\u2019s currently overcast clouds with -2.46\u00b0C.\n\n\ud83d\ude80 *Fun Fact*: Did you know there are 12 people in space right now?\n\nStay curious and have a magical day ahead! \ud83c\udf1f",
    "status": "queued"
}
{
    "message": "\u2728 Greetings! Here\u2019s some magical and worldly news for you! \u2728\n\n\ud83d\udcd6 *Harry Potter Character Spotlight*: Meet Crookshanks.\n\ud83c\udfe0 *House*: \n\ud83e\uddd9 *Ancestry*: \n\ud83e\udd84 *Patronus*: \n\ud83d\uddbc\ufe0f *Image*: \n\n\ud83c\udf26 *Weather in Sudbury*: It\u2019s currently overcast clouds with -2.46\u00b0C.\n\n\ud83d\ude80 *Fun Fact*: Did you know there are 12 people in space right now?\n\nStay curious and have a magical day ahead! \ud83c\udf1f",
    "status": "queued"
}
{
    "message": "\u2728 Greetings! Here\u2019s some magical and worldly news for you! \u2728\n\n\ud83d\udcd6 *Harry Potter Character Spotlight*: Meet Graham Montague.\n\ud83c\udfe0 *House*: Slytherin\n\ud83e\uddd9 *Ancestry*: \n\ud83e\udd84 *Patronus*: \n\ud83d\uddbc\ufe0f *Image*: \n\n\ud83c\udf26 *Weather in Sudbury*: It\u2019s currently overcast clouds with -1.64\u00b0C.\n\n\ud83d\ude80 *Fun Fact*: Did you know there are 12 people in space right now?\n\nStay curious and have a magical day ahead! \ud83c\udf1f",
    "status": "queued"
}
{
    "message": "\u2728 Greetings! Here\u2019s some magical and worldly news for you! \u2728\n\n\ud83d\udcd6 *Harry Potter Character Spotlight*: Meet Quentin Trimble.\n\ud83c\udfe0 *House*: \n\ud83e\uddd9 *Ancestry*: \n\ud83e\udd84 *Patronus*: \n\ud83d\uddbc\ufe0f *Image*: \n\n\ud83c\udf26 *Weather in Sudbury*: It\u2019s currently overcast clouds with -1.64\u00b0C.\n\n\ud83d\ude80 *Fun Fact*: Did you know there are 12 people in space right now?\n\nStay curious and have a magical day ahead! \ud83c\udf1f",
    "status": "queued"
}
{
    "message": "\u2728 Greetings! Here\u2019s some magical and worldly news for you! \u2728\n\n\ud83d\udcd6 *Harry Potter Character Spotlight*: Meet The Basilisk.\n\ud83c\udfe0 *House*: \n\ud83e\uddd9 *Ancestry*: \n\ud83e\udd84 *Patronus*: \n\ud83d\uddbc\ufe0f *Image*: \n\n\ud83c\udf26 *Weather in Sudbury*: It\u2019s currently overcast clouds with -1.64\u00b0C.\n\n\ud83d\ude80 *Fun Fact*: Did you know there are 12 people in space right now?\n\nStay curious and have a magical day ahead! \ud83c\udf1f",
    "status": "queued"
}
{
    "message": "\u2728 Greetings! Here\u2019s some magical and worldly news for you! \u2728\n\n\ud83d\udcd6 *Harry Potter Character Spotlight*: Meet Agnes.\n\ud83c\udfe0 *House*: \n\ud83e\uddd9 *Ancestry*: \n\ud83e\udd84 *Patronus*: \n\ud83d\uddbc\ufe0f *Image*: \n\n\ud83c\udf26 *Weather in Sudbury*: It\u2019s currently overcast clouds with -1.64\u00b0C.\n\n\ud83d\ude80 *Fun Fact*: Did you know there are 12 people in space right now?\n\nStay curious and have a magical day ahead! \ud83c\udf1f",
    "status": "queued"
}
{
    "message": "\u2728 Greetings! Here\u2019s some magical and worldly news for you! \u2728\n\n\ud83d\udcd6 *Harry Potter Character Spotlight*: Meet Derek.\n\ud83c\udfe0 *House*: \n\ud83e\uddd9 *Ancestry*: \n\ud83e\udd84 *Patronus*: \n\ud83d\uddbc\ufe0f *Image*: \n\n\ud83c\udf26 *Weather in Sudbury*: It\u2019s currently overcast clouds with -1.64\u00b0C.\n\n\ud83d\ude80 *Fun Fact*: Did you know there are 12 people in space right now?\n\nStay curious and have a magical day ahead! \ud83c\udf1f",
    "status": "queued"
}
{
    "message": "\u2728 Greetings! Here\u2019s some magical and worldly news for you! \u2728\n\n\ud83d\udcd6 *Harry Potter Character Spotlight*: Meet Clara Ivanova.\n\ud83c\udfe0 *House*: \n\ud83e\uddd9 *Ancestry*: \n\ud83e\udd84 *Patronus*: \n\ud83d\uddbc\ufe0f *Image*: \n\n\ud83c\udf26 *Weather in Sudbury*: It\u2019s currently overcast clouds with -2.46\u00b0C.\n\n\ud83d\ude80 *Fun Fact*: Did you know there are 12 people in space right now?\n\nStay curious and have a magical day ahead! \ud83c\udf1f",
    "status": "queued"
}
{
    "message": "\u2728 Greetings! Here\u2019s some magical and worldly news for you! \u2728\n\n\ud83d\udcd6 *Harry Potter Character Spotlight*: Meet Minerva McGonagall.\n\ud83c\udfe0 *House*: Gryffindor\n\ud83e\uddd9 *Ancestry*: half-blood\n\ud83e\udd84 *Patronus*: tabby cat\n\ud83d\uddbc\ufe0f *Image*: https://ik.imagekit.io/hpapi/mcgonagall.jpg\n\n\ud83c\udf26 *Weather in Sudbury*: It\u2019s currently overcast clouds with -2.46\u00b0C.\n\n\ud83d\ude80 *Fun Fact*: Did you know there are 12 people in space right now?\n\nStay curious and have a magical day ahead! \ud83c\udf1f",
    "status": "queued"
}
{
    "message": "\u2728 Greetings! Here\u2019s some magical and worldly news for you! \u2728\n\n\ud83d\udcd6 *Harry Potter Character Spotlight*: Meet Nicolas Flamel.\n\ud83c\udfe0 *House*: \n\ud83e\uddd9 *Ancestry*: \n\ud83e\udd84 *Patronus*: \n\ud83d\uddbc\ufe0f *Image*: \n\n\ud83c\udf26 *Weather in Sudbury*: It\u2019s currently overcast clouds with -2.46\u00b0C.\n\n\ud83d\ude80 *Fun Fact*: Did you know there are 12 people in space right now?\n\nStay curious and have a magical day ahead! \ud83c\udf1f",
    "status": "queued"
}
{
    "message": "\u2728 Greetings! Here\u2019s some magical and worldly news for you! \u2728\n\n\ud83d\udcd6 *Harry Potter Character Spotlight*: Meet Percival Dumbledore.\n\ud83c\udfe0 *House*: \n\ud83e\uddd9 *Ancestry*: \n\ud83e\udd84 *Patronus*: \n\ud83d\uddbc\ufe0f *Image*: \n\n\ud83c\udf26 *Weather in Sudbury*: It\u2019s currently light snow with -1.08\u00b0C.\n\n\ud83d\ude80 *Fun Fact*: Did you know there are 12 people in space right now?\n\nStay curious and have a magical day ahead! \ud83c\udf1f",
    "status": "queued"
}
